<?xml version="1.0" encoding="UTF-8"?>
<testsuite name="HumanClientTest" tests="2" skipped="0" failures="0" errors="0" timestamp="2021-12-13T23:20:29" hostname="LAPTOP-TG6UCA0T" time="0.404">
  <properties/>
  <testcase name="removeObserver()" classname="HumanClientTest" time="0.398"/>
  <testcase name="addObserver()" classname="HumanClientTest" time="0.005"/>
  <system-out><![CDATA[]]></system-out>
  <system-err><![CDATA[]]></system-err>
</testsuite>
