<?xml version="1.0" encoding="UTF-8"?>
<testsuite name="StringBarTest" tests="5" skipped="0" failures="0" errors="0" timestamp="2021-12-14T00:00:18" hostname="LAPTOP-TG6UCA0T" time="0.03">
  <properties/>
  <testcase name="happyHour()" classname="StringBarTest" time="0.017"/>
  <testcase name="impatientStrategy()" classname="StringBarTest" time="0.01"/>
  <testcase name="smartStrategyStartClosed()" classname="StringBarTest" time="0.001"/>
  <testcase name="smartStrategyStartOpened()" classname="StringBarTest" time="0.0"/>
  <testcase name="orderStringRecipe()" classname="StringBarTest" time="0.001"/>
  <system-out><![CDATA[]]></system-out>
  <system-err><![CDATA[]]></system-err>
</testsuite>
