<?xml version="1.0" encoding="UTF-8"?>
<testsuite name="StringBarTest" tests="8" skipped="0" failures="0" errors="0" timestamp="2021-12-14T00:08:51" hostname="LAPTOP-TG6UCA0T" time="0.04">
  <properties/>
  <testcase name="happyHour()" classname="StringBarTest" time="0.018"/>
  <testcase name="impatientStrategy()" classname="StringBarTest" time="0.013"/>
  <testcase name="smartStrategyStartClosed()" classname="StringBarTest" time="0.001"/>
  <testcase name="smartStrategyStartOpened()" classname="StringBarTest" time="0.0"/>
  <testcase name="orderStringRecipe()" classname="StringBarTest" time="0.001"/>
  <testcase name="ferengiStartClosed()" classname="StringBarTest" time="0.002"/>
  <testcase name="ferengiAlreadyOpened()" classname="StringBarTest" time="0.0"/>
  <testcase name="romulan()" classname="StringBarTest" time="0.001"/>
  <system-out><![CDATA[]]></system-out>
  <system-err><![CDATA[]]></system-err>
</testsuite>
